[debug] [2021-06-04T00:00:21.563Z] ----------------------------------------------------------------------
[debug] [2021-06-04T00:00:21.566Z] Command:       C:\Program Files (x86)\nodejs\node.exe C:\Users\Pia\AppData\Roaming\npm\node_modules\firebase-tools\lib\bin\firebase.js emulators:start --only functions
[debug] [2021-06-04T00:00:21.566Z] CLI Version:   9.11.0
[debug] [2021-06-04T00:00:21.566Z] Platform:      win32
[debug] [2021-06-04T00:00:21.566Z] Node Version:  v14.16.1
[debug] [2021-06-04T00:00:21.567Z] Time:          Thu Jun 03 2021 21:00:21 GMT-0300 (hora estándar de Argentina)
[debug] [2021-06-04T00:00:21.567Z] ----------------------------------------------------------------------
[debug] 
[debug] [2021-06-04T00:00:21.576Z] > command requires scopes: ["email","openid","https://www.googleapis.com/auth/cloudplatformprojects.readonly","https://www.googleapis.com/auth/firebase","https://www.googleapis.com/auth/cloud-platform"]
[debug] [2021-06-04T00:00:21.576Z] > authorizing via signed-in user (achigarpia@gmail.com)
[info] i  emulators: Starting emulators: functions {"metadata":{"emulator":{"name":"hub"},"message":"Starting emulators: functions"}}
[debug] [2021-06-04T00:00:21.596Z] [hub] writing locator at C:\Users\Pia\AppData\Local\Temp\hub-hunko-farmacia.json
[warn] !  functions: The following emulators are not running, calls to these services from the Functions emulator will affect production: auth, firestore, database, hosting, pubsub, storage {"metadata":{"emulator":{"name":"functions"},"message":"The following emulators are not running, calls to these services from the Functions emulator will affect production: \u001b[1mauth, firestore, database, hosting, pubsub, storage\u001b[22m"}}
[warn] !  Your requested "node" version "12" doesn't match your global version "14" {"metadata":{"emulator":{"name":"functions"},"message":"Your requested \"node\" version \"12\" doesn't match your global version \"14\""}}
[debug] [2021-06-04T00:00:21.626Z] defaultcredentials: writing to file C:\Users\Pia\AppData\Roaming\firebase\achigarpia_gmail_com_application_default_credentials.json
[debug] [2021-06-04T00:00:21.628Z] Setting GAC to C:\Users\Pia\AppData\Roaming\firebase\achigarpia_gmail_com_application_default_credentials.json {"metadata":{"emulator":{"name":"functions"},"message":"Setting GAC to C:\\Users\\Pia\\AppData\\Roaming\\firebase\\achigarpia_gmail_com_application_default_credentials.json"}}
[debug] [2021-06-04T00:00:21.630Z] > refreshing access token with scopes: []
[debug] [2021-06-04T00:00:21.631Z] >>> HTTP REQUEST POST https://www.googleapis.com/oauth2/v3/token  
 <request body omitted>
[debug] [2021-06-04T00:00:21.758Z] <<< HTTP RESPONSE 200 {"pragma":"no-cache","date":"Fri, 04 Jun 2021 00:00:21 GMT","expires":"Mon, 01 Jan 1990 00:00:00 GMT","cache-control":"no-cache, no-store, max-age=0, must-revalidate","content-type":"application/json; charset=utf-8","vary":"X-Origin, Referer, Origin,Accept-Encoding","server":"scaffolding on HTTPServer2","x-xss-protection":"0","x-frame-options":"SAMEORIGIN","x-content-type-options":"nosniff","alt-svc":"h3-29=\":443\"; ma=2592000,h3-T051=\":443\"; ma=2592000,h3-Q050=\":443\"; ma=2592000,h3-Q046=\":443\"; ma=2592000,h3-Q043=\":443\"; ma=2592000,quic=\":443\"; ma=2592000; v=\"46,43\"","accept-ranges":"none","transfer-encoding":"chunked"}
[debug] [2021-06-04T00:00:21.775Z] >>> [apiv2][query] GET https://firebase.googleapis.com/v1beta1/projects/hunko-farmacia/adminSdkConfig [none]
[debug] [2021-06-04T00:00:22.808Z] <<< [apiv2][status] GET https://firebase.googleapis.com/v1beta1/projects/hunko-farmacia/adminSdkConfig 200
[debug] [2021-06-04T00:00:22.808Z] <<< [apiv2][body] GET https://firebase.googleapis.com/v1beta1/projects/hunko-farmacia/adminSdkConfig {"projectId":"hunko-farmacia","storageBucket":"hunko-farmacia.appspot.com","locationId":"us-central"}
[info] i  ui: downloading ui-v1.5.0.zip... {"metadata":{"emulator":{"name":"ui"},"message":"downloading ui-v1.5.0.zip..."}}
[debug] [2021-06-04T00:00:22.831Z] >>> [apiv2][query] GET https://storage.googleapis.com/firebase-preview-drop/emulator/ui-v1.5.0.zip 
[debug] [2021-06-04T00:00:23.112Z] <<< [apiv2][status] GET https://storage.googleapis.com/firebase-preview-drop/emulator/ui-v1.5.0.zip 200
[debug] [2021-06-04T00:00:23.112Z] <<< [apiv2][body] GET https://storage.googleapis.com/firebase-preview-drop/emulator/ui-v1.5.0.zip [stream]
[debug] [2021-06-04T00:00:27.917Z] Ignoring unsupported arg: auto_download {"metadata":{"emulator":{"name":"ui"},"message":"Ignoring unsupported arg: auto_download"}}
[debug] [2021-06-04T00:00:27.917Z] Ignoring unsupported arg: port {"metadata":{"emulator":{"name":"ui"},"message":"Ignoring unsupported arg: port"}}
[debug] [2021-06-04T00:00:27.917Z] Starting Emulator UI with command {"binary":"node","args":["C:\\Users\\Pia\\.cache\\firebase\\emulators\\ui-v1.5.0\\server.bundle.js"],"optionalArgs":[],"joinArgs":false} {"metadata":{"emulator":{"name":"ui"},"message":"Starting Emulator UI with command {\"binary\":\"node\",\"args\":[\"C:\\\\Users\\\\Pia\\\\.cache\\\\firebase\\\\emulators\\\\ui-v1.5.0\\\\server.bundle.js\"],\"optionalArgs\":[],\"joinArgs\":false}"}}
[info] i  ui: Emulator UI logging to ui-debug.log {"metadata":{"emulator":{"name":"ui"},"message":"Emulator UI logging to \u001b[1mui-debug.log\u001b[22m"}}
[debug] [2021-06-04T00:00:28.033Z] Web / API server started at http://localhost:4000
 {"metadata":{"emulator":{"name":"ui"},"message":"Web / API server started at http://localhost:4000\n"}}
[info] i  functions: Watching "C:\Users\Pia\Escritorio\farmacia-achigar\functions" for Cloud Functions... {"metadata":{"emulator":{"name":"functions"},"message":"Watching \"C:\\Users\\Pia\\Escritorio\\farmacia-achigar\\functions\" for Cloud Functions..."}}
[debug] [2021-06-04T00:00:28.203Z] [worker-pool] addWorker(~diagnostic~) {"metadata":{"emulator":{"name":"functions"},"message":"[worker-pool] addWorker(~diagnostic~)"}}
[debug] [2021-06-04T00:00:28.203Z] [worker-pool] Adding worker with key ~diagnostic~, total=1 {"metadata":{"emulator":{"name":"functions"},"message":"[worker-pool] Adding worker with key ~diagnostic~, total=1"}}
[debug] [2021-06-04T00:00:28.203Z] [worker-pool] submitWork(triggerId=) {"metadata":{"emulator":{"name":"functions"},"message":"[worker-pool] submitWork(triggerId=)"}}
[debug] [2021-06-04T00:00:28.204Z] [worker-~diagnostic~-300d4aa2-b2ec-4674-aa61-da16379e5446]: Assigning socketPath: \\?\pipe\C:\Users\Pia\Escritorio\farmacia-achigar\functions\12492 {"metadata":{"emulator":{"name":"functions"},"message":"[worker-~diagnostic~-300d4aa2-b2ec-4674-aa61-da16379e5446]: Assigning socketPath: \\\\?\\pipe\\C:\\Users\\Pia\\Escritorio\\farmacia-achigar\\functions\\12492"}}
[debug] [2021-06-04T00:00:28.204Z] [worker-~diagnostic~-300d4aa2-b2ec-4674-aa61-da16379e5446]: BUSY {"metadata":{"emulator":{"name":"functions"},"message":"[worker-~diagnostic~-300d4aa2-b2ec-4674-aa61-da16379e5446]: BUSY"}}
[debug] [2021-06-04T00:00:28.391Z] [runtime-status] [12492] Functions runtime initialized. {"cwd":"C:\\Users\\Pia\\Escritorio\\farmacia-achigar\\functions","node_version":"14.16.1"} {"metadata":{"emulator":{"name":"functions"},"message":"[runtime-status] [12492] Functions runtime initialized. {\"cwd\":\"C:\\\\Users\\\\Pia\\\\Escritorio\\\\farmacia-achigar\\\\functions\",\"node_version\":\"14.16.1\"}"}}
[debug] [2021-06-04T00:00:28.391Z] [runtime-status] [12492] Disabled runtime features: undefined {"metadata":{"emulator":{"name":"functions"},"message":"[runtime-status] [12492] Disabled runtime features: undefined"}}
[debug] [2021-06-04T00:00:28.394Z] [runtime-status] [12492] Resolved module firebase-admin {"declared":true,"installed":true,"version":"9.9.0","resolution":"C:\\Users\\Pia\\Escritorio\\farmacia-achigar\\functions\\node_modules\\firebase-admin\\lib\\index.js"} {"metadata":{"emulator":{"name":"functions"},"message":"[runtime-status] [12492] Resolved module firebase-admin {\"declared\":true,\"installed\":true,\"version\":\"9.9.0\",\"resolution\":\"C:\\\\Users\\\\Pia\\\\Escritorio\\\\farmacia-achigar\\\\functions\\\\node_modules\\\\firebase-admin\\\\lib\\\\index.js\"}"}}
[debug] [2021-06-04T00:00:28.396Z] [runtime-status] [12492] Resolved module firebase-functions {"declared":true,"installed":true,"version":"3.14.1","resolution":"C:\\Users\\Pia\\Escritorio\\farmacia-achigar\\functions\\node_modules\\firebase-functions\\lib\\index.js"} {"metadata":{"emulator":{"name":"functions"},"message":"[runtime-status] [12492] Resolved module firebase-functions {\"declared\":true,\"installed\":true,\"version\":\"3.14.1\",\"resolution\":\"C:\\\\Users\\\\Pia\\\\Escritorio\\\\farmacia-achigar\\\\functions\\\\node_modules\\\\firebase-functions\\\\lib\\\\index.js\"}"}}
[debug] [2021-06-04T00:00:28.398Z] [runtime-status] [12492] Resolved module firebase-functions {"declared":true,"installed":true,"version":"3.14.1","resolution":"C:\\Users\\Pia\\Escritorio\\farmacia-achigar\\functions\\node_modules\\firebase-functions\\lib\\index.js"} {"metadata":{"emulator":{"name":"functions"},"message":"[runtime-status] [12492] Resolved module firebase-functions {\"declared\":true,\"installed\":true,\"version\":\"3.14.1\",\"resolution\":\"C:\\\\Users\\\\Pia\\\\Escritorio\\\\farmacia-achigar\\\\functions\\\\node_modules\\\\firebase-functions\\\\lib\\\\index.js\"}"}}
[debug] [2021-06-04T00:00:28.399Z] [runtime-status] [12492] Outgoing network have been stubbed. [{"name":"http","status":"mocked"},{"name":"http","status":"mocked"},{"name":"https","status":"mocked"},{"name":"https","status":"mocked"},{"name":"net","status":"mocked"}] {"metadata":{"emulator":{"name":"functions"},"message":"[runtime-status] [12492] Outgoing network have been stubbed. [{\"name\":\"http\",\"status\":\"mocked\"},{\"name\":\"http\",\"status\":\"mocked\"},{\"name\":\"https\",\"status\":\"mocked\"},{\"name\":\"https\",\"status\":\"mocked\"},{\"name\":\"net\",\"status\":\"mocked\"}]"}}
[debug] [2021-06-04T00:00:28.400Z] [runtime-status] [12492] Resolved module firebase-functions {"declared":true,"installed":true,"version":"3.14.1","resolution":"C:\\Users\\Pia\\Escritorio\\farmacia-achigar\\functions\\node_modules\\firebase-functions\\lib\\index.js"} {"metadata":{"emulator":{"name":"functions"},"message":"[runtime-status] [12492] Resolved module firebase-functions {\"declared\":true,\"installed\":true,\"version\":\"3.14.1\",\"resolution\":\"C:\\\\Users\\\\Pia\\\\Escritorio\\\\farmacia-achigar\\\\functions\\\\node_modules\\\\firebase-functions\\\\lib\\\\index.js\"}"}}
[debug] [2021-06-04T00:00:28.447Z] [runtime-status] [12492] Checked functions.config() {"config":{}} {"metadata":{"emulator":{"name":"functions"},"message":"[runtime-status] [12492] Checked functions.config() {\"config\":{}}"}}
[debug] [2021-06-04T00:00:28.447Z] [runtime-status] [12492] firebase-functions has been stubbed. {"functionsResolution":{"declared":true,"installed":true,"version":"3.14.1","resolution":"C:\\Users\\Pia\\Escritorio\\farmacia-achigar\\functions\\node_modules\\firebase-functions\\lib\\index.js"}} {"metadata":{"emulator":{"name":"functions"},"message":"[runtime-status] [12492] firebase-functions has been stubbed. {\"functionsResolution\":{\"declared\":true,\"installed\":true,\"version\":\"3.14.1\",\"resolution\":\"C:\\\\Users\\\\Pia\\\\Escritorio\\\\farmacia-achigar\\\\functions\\\\node_modules\\\\firebase-functions\\\\lib\\\\index.js\"}}"}}
[debug] [2021-06-04T00:00:28.448Z] [runtime-status] [12492] Resolved module firebase-functions {"declared":true,"installed":true,"version":"3.14.1","resolution":"C:\\Users\\Pia\\Escritorio\\farmacia-achigar\\functions\\node_modules\\firebase-functions\\lib\\index.js"} {"metadata":{"emulator":{"name":"functions"},"message":"[runtime-status] [12492] Resolved module firebase-functions {\"declared\":true,\"installed\":true,\"version\":\"3.14.1\",\"resolution\":\"C:\\\\Users\\\\Pia\\\\Escritorio\\\\farmacia-achigar\\\\functions\\\\node_modules\\\\firebase-functions\\\\lib\\\\index.js\"}"}}
[debug] [2021-06-04T00:00:28.449Z] [runtime-status] [12492] Resolved module firebase-admin {"declared":true,"installed":true,"version":"9.9.0","resolution":"C:\\Users\\Pia\\Escritorio\\farmacia-achigar\\functions\\node_modules\\firebase-admin\\lib\\index.js"} {"metadata":{"emulator":{"name":"functions"},"message":"[runtime-status] [12492] Resolved module firebase-admin {\"declared\":true,\"installed\":true,\"version\":\"9.9.0\",\"resolution\":\"C:\\\\Users\\\\Pia\\\\Escritorio\\\\farmacia-achigar\\\\functions\\\\node_modules\\\\firebase-admin\\\\lib\\\\index.js\"}"}}
[debug] [2021-06-04T00:00:28.449Z] [runtime-status] [12492] Resolved module firebase-functions {"declared":true,"installed":true,"version":"3.14.1","resolution":"C:\\Users\\Pia\\Escritorio\\farmacia-achigar\\functions\\node_modules\\firebase-functions\\lib\\index.js"} {"metadata":{"emulator":{"name":"functions"},"message":"[runtime-status] [12492] Resolved module firebase-functions {\"declared\":true,\"installed\":true,\"version\":\"3.14.1\",\"resolution\":\"C:\\\\Users\\\\Pia\\\\Escritorio\\\\farmacia-achigar\\\\functions\\\\node_modules\\\\firebase-functions\\\\lib\\\\index.js\"}"}}
[debug] [2021-06-04T00:00:28.449Z] [runtime-status] [12492] firebase-admin has been stubbed. {"adminResolution":{"declared":true,"installed":true,"version":"9.9.0","resolution":"C:\\Users\\Pia\\Escritorio\\farmacia-achigar\\functions\\node_modules\\firebase-admin\\lib\\index.js"}} {"metadata":{"emulator":{"name":"functions"},"message":"[runtime-status] [12492] firebase-admin has been stubbed. {\"adminResolution\":{\"declared\":true,\"installed\":true,\"version\":\"9.9.0\",\"resolution\":\"C:\\\\Users\\\\Pia\\\\Escritorio\\\\farmacia-achigar\\\\functions\\\\node_modules\\\\firebase-admin\\\\lib\\\\index.js\"}}"}}
[debug] [2021-06-04T00:00:28.451Z] [runtime-status] [12492] initializeApp(DEFAULT) {"storageBucket":"hunko-farmacia.appspot.com","projectId":"hunko-farmacia"} {"metadata":{"emulator":{"name":"functions"},"message":"[runtime-status] [12492] initializeApp(DEFAULT) {\"storageBucket\":\"hunko-farmacia.appspot.com\",\"projectId\":\"hunko-farmacia\"}"}}
[info] i  functions[orderCreate]: function ignored because the firestore emulator does not exist or is not running. {"metadata":{"emulator":{"name":"functions"},"message":"function ignored because the firestore emulator does not exist or is not running."}}
[info] 
┌─────────────────────────────────────────────────────────────┐
│ ✔  All emulators ready! It is now safe to connect your app. │
│ i  View Emulator UI at http://localhost:4000                │
└─────────────────────────────────────────────────────────────┘

┌───────────┬────────────────┬─────────────────────────────────┐
│ Emulator  │ Host:Port      │ View in Emulator UI             │
├───────────┼────────────────┼─────────────────────────────────┤
│ Functions │ localhost:5001 │ http://localhost:4000/functions │
└───────────┴────────────────┴─────────────────────────────────┘
  Emulator Hub running at localhost:4400
  Other reserved ports: 4500

Issues? Report them at https://github.com/firebase/firebase-tools/issues and attach the *-debug.log files.
 
[debug] [2021-06-04T00:00:28.458Z] [worker-~diagnostic~-300d4aa2-b2ec-4674-aa61-da16379e5446]: IDLE {"metadata":{"emulator":{"name":"functions"},"message":"[worker-~diagnostic~-300d4aa2-b2ec-4674-aa61-da16379e5446]: IDLE"}}
[debug] [2021-06-04T03:40:16.555Z] Received signal SIGHUP 1
